<!--
SPDX-FileCopyrightText: 2023 Contributors to the GXF project

SPDX-License-Identifier: Apache-2.0
-->

<assembly
  xmlns="http://maven.apache.org/plugins/maven-assembly-plugin/assembly/1.1.0"
  xmlns:xsi="http://www.w3.org/2001/XMLSchema-instance"
  xsi:schemaLocation="http://maven.apache.org/plugins/maven-assembly-plugin/assembly/1.1.0 http://maven.apache.org/xsd/assembly-1.1.0.xsd">
  <id>test-jar-with-dependencies</id>
  <formats>
    <format>jar</format>
  </formats>
  <includeBaseDirectory>false</includeBaseDirectory>
  <dependencySets>
    <dependencySet>
      <outputDirectory>/</outputDirectory>
      <useProjectArtifact>true</useProjectArtifact>
      <unpackOptions>
        <excludes>
          <exclude>META-INF/cxf/bus-extensions.txt</exclude>
        </excludes>
      </unpackOptions>
      <!-- we're creating the test-jar as an attachement -->
      <useProjectAttachments>true</useProjectAttachments>
      <unpack>true</unpack>
      <scope>test</scope>
    </dependencySet>
  </dependencySets>
  <files>
    <file>
      <source>${project.basedir}/src/main/resources/cxf/bus-extensions.txt</source>
      <outputDirectory>META-INF/cxf</outputDirectory>
    </file>
  </files>
</assembly>